<?xml version="1.0" encoding="UTF-8"?>
<testng-results skipped="1" failed="0" total="5" passed="4">
  <reporter-output>
  </reporter-output>
  <suite name="Command line suite" duration-ms="2288259" started-at="2013-07-29T19:06:46Z" finished-at="2013-07-29T19:44:54Z">
    <groups>
      <group name="search">
        <method signature="IconMovingTest.checkSearchingWorks()[pri:0, instance:com.sqa.tests.IconMovingTest@7d2452e8]" name="checkSearchingWorks" class="com.sqa.tests.IconMovingTest"/>
        <method signature="SearchTest.checkSearchingWorks()[pri:0, instance:com.sqa.tests.SearchTest@6860991f]" name="checkSearchingWorks" class="com.sqa.tests.SearchTest"/>
      </group>
    </groups>
    <test name="Command line test" duration-ms="2288259" started-at="2013-07-29T19:06:46Z" finished-at="2013-07-29T19:44:54Z">
      <class name="com.sqa.tests.IconMovingTest">
        <test-method status="PASS" signature="init()[pri:0, instance:com.sqa.tests.IconMovingTest@7d2452e8]" name="init" is-config="true" duration-ms="1801" started-at="2013-07-29T19:08:00Z" finished-at="2013-07-29T19:08:01Z">
        </test-method>
        <test-method status="PASS" signature="navigateToBaseUrl()[pri:0, instance:com.sqa.tests.IconMovingTest@7d2452e8]" name="navigateToBaseUrl" is-config="true" duration-ms="31232" started-at="2013-07-29T19:08:01Z" finished-at="2013-07-29T19:08:33Z">
        </test-method>
        <test-method status="PASS" signature="checkSearchingWorks()[pri:0, instance:com.sqa.tests.IconMovingTest@7d2452e8]" name="checkSearchingWorks" duration-ms="10693" started-at="2013-07-29T19:08:33Z" finished-at="2013-07-29T19:08:43Z">
        </test-method>
        <test-method status="PASS" signature="tearDown()[pri:0, instance:com.sqa.tests.IconMovingTest@7d2452e8]" name="tearDown" is-config="true" duration-ms="101" started-at="2013-07-29T19:08:43Z" finished-at="2013-07-29T19:08:43Z">
        </test-method>
      </class>
      <class name="com.sqa.tests.SearchTest">
        <test-method status="PASS" signature="init()[pri:0, instance:com.sqa.tests.SearchTest@6860991f]" name="init" is-config="true" duration-ms="1736" started-at="2013-07-29T19:08:43Z" finished-at="2013-07-29T19:08:45Z">
        </test-method>
        <test-method status="FAIL" signature="navigateToBaseUrl()[pri:0, instance:com.sqa.tests.SearchTest@6860991f]" name="navigateToBaseUrl" is-config="true" duration-ms="0" started-at="2013-07-29T19:08:45Z" finished-at="2013-07-29T19:08:45Z">
          <exception class="org.openqa.selenium.remote.UnreachableBrowserException">
            <message>
              <![CDATA[Error communicating with the remote browser. It may have died.
Build info: version: '2.33.0', revision: '4ecaf82108b2a6cc6f006aae81961236eba93358', time: '2013-05-22 12:00:17'
System info: os.name: 'Mac OS X', os.arch: 'x86_64', os.version: '10.7.5', java.version: '1.6.0_51'
Driver info: driver.version: RemoteWebDriver]]>
            </message>
            <full-stacktrace>
              <![CDATA[org.openqa.selenium.remote.UnreachableBrowserException: Error communicating with the remote browser. It may have died.
Build info: version: '2.33.0', revision: '4ecaf82108b2a6cc6f006aae81961236eba93358', time: '2013-05-22 12:00:17'
System info: os.name: 'Mac OS X', os.arch: 'x86_64', os.version: '10.7.5', java.version: '1.6.0_51'
Driver info: driver.version: RemoteWebDriver
	at org.openqa.selenium.remote.RemoteWebDriver.execute(RemoteWebDriver.java:548)
	at org.openqa.selenium.remote.RemoteWebDriver.get(RemoteWebDriver.java:276)
	at com.sqa.verifications.Base.navigateToBaseUrl(Base.java:29)
	at sun.reflect.NativeMethodAccessorImpl.invoke0(Native Method)
	at sun.reflect.NativeMethodAccessorImpl.invoke(NativeMethodAccessorImpl.java:39)
	at sun.reflect.DelegatingMethodAccessorImpl.invoke(DelegatingMethodAccessorImpl.java:25)
	at java.lang.reflect.Method.invoke(Method.java:597)
	at org.testng.internal.MethodInvocationHelper.invokeMethod(MethodInvocationHelper.java:80)
	at org.testng.internal.Invoker.invokeConfigurationMethod(Invoker.java:543)
	at org.testng.internal.Invoker.invokeConfigurations(Invoker.java:212)
	at org.testng.internal.Invoker.invokeMethod(Invoker.java:631)
	at org.testng.internal.Invoker.invokeTestMethod(Invoker.java:883)
	at org.testng.internal.Invoker.invokeTestMethods(Invoker.java:1208)
	at org.testng.internal.TestMethodWorker.invokeTestMethods(TestMethodWorker.java:127)
	at org.testng.internal.TestMethodWorker.run(TestMethodWorker.java:111)
	at org.testng.TestRunner.privateRun(TestRunner.java:758)
	at org.testng.TestRunner.run(TestRunner.java:613)
	at org.testng.SuiteRunner.runTest(SuiteRunner.java:334)
	at org.testng.SuiteRunner.runSequentially(SuiteRunner.java:329)
	at org.testng.SuiteRunner.privateRun(SuiteRunner.java:291)
	at org.testng.SuiteRunner.run(SuiteRunner.java:240)
	at org.testng.SuiteRunnerWorker.runSuite(SuiteRunnerWorker.java:53)
	at org.testng.SuiteRunnerWorker.run(SuiteRunnerWorker.java:87)
	at org.testng.TestNG.runSuitesSequentially(TestNG.java:1137)
	at org.testng.TestNG.runSuitesLocally(TestNG.java:1062)
	at org.testng.TestNG.run(TestNG.java:974)
	at org.apache.maven.surefire.testng.TestNGExecutor.run(TestNGExecutor.java:70)
	at org.apache.maven.surefire.testng.TestNGDirectoryTestSuite.executeMulti(TestNGDirectoryTestSuite.java:158)
	at org.apache.maven.surefire.testng.TestNGDirectoryTestSuite.execute(TestNGDirectoryTestSuite.java:98)
	at org.apache.maven.surefire.testng.TestNGProvider.invoke(TestNGProvider.java:111)
	at sun.reflect.NativeMethodAccessorImpl.invoke0(Native Method)
	at sun.reflect.NativeMethodAccessorImpl.invoke(NativeMethodAccessorImpl.java:39)
	at sun.reflect.DelegatingMethodAccessorImpl.invoke(DelegatingMethodAccessorImpl.java:25)
	at java.lang.reflect.Method.invoke(Method.java:597)
	at org.apache.maven.surefire.util.ReflectionUtils.invokeMethodWithArray(ReflectionUtils.java:164)
	at org.apache.maven.surefire.booter.ProviderFactory$ProviderProxy.invoke(ProviderFactory.java:110)
	at org.apache.maven.surefire.booter.SurefireStarter.invokeProvider(SurefireStarter.java:175)
	at org.apache.maven.surefire.booter.SurefireStarter.runSuitesInProcessWhenForked(SurefireStarter.java:107)
	at org.apache.maven.surefire.booter.ForkedBooter.main(ForkedBooter.java:68)
Caused by: org.apache.http.conn.HttpHostConnectException: Connection to http://127.0.0.1:7056 refused
	at org.apache.http.impl.conn.DefaultClientConnectionOperator.openConnection(DefaultClientConnectionOperator.java:190)
	at org.apache.http.impl.conn.AbstractPoolEntry.open(AbstractPoolEntry.java:151)
	at org.apache.http.impl.conn.AbstractPooledConnAdapter.open(AbstractPooledConnAdapter.java:125)
	at org.apache.http.impl.client.DefaultRequestDirector.tryConnect(DefaultRequestDirector.java:640)
	at org.apache.http.impl.client.DefaultRequestDirector.execute(DefaultRequestDirector.java:479)
	at org.apache.http.impl.client.AbstractHttpClient.execute(AbstractHttpClient.java:906)
	at org.openqa.selenium.remote.HttpCommandExecutor.fallBackExecute(HttpCommandExecutor.java:334)
	at org.openqa.selenium.remote.HttpCommandExecutor.execute(HttpCommandExecutor.java:295)
	at org.openqa.selenium.firefox.internal.NewProfileExtensionConnection.execute(NewProfileExtensionConnection.java:133)
	at org.openqa.selenium.firefox.FirefoxDriver$LazyCommandExecutor.execute(FirefoxDriver.java:355)
	at org.openqa.selenium.remote.RemoteWebDriver.execute(RemoteWebDriver.java:527)
	... 38 more
Caused by: java.net.ConnectException: Connection refused
	at java.net.PlainSocketImpl.socketConnect(Native Method)
	at java.net.PlainSocketImpl.doConnect(PlainSocketImpl.java:382)
	at java.net.PlainSocketImpl.connectToAddress(PlainSocketImpl.java:241)
	at java.net.PlainSocketImpl.connect(PlainSocketImpl.java:228)
	at java.net.SocksSocketImpl.connect(SocksSocketImpl.java:431)
	at java.net.Socket.connect(Socket.java:527)
	at org.apache.http.conn.scheme.PlainSocketFactory.connectSocket(PlainSocketFactory.java:127)
	at org.apache.http.impl.conn.DefaultClientConnectionOperator.openConnection(DefaultClientConnectionOperator.java:180)
	... 48 more
]]>
            </full-stacktrace>
          </exception>
        </test-method>
        <test-method status="SKIP" signature="checkSearchingWorks()[pri:0, instance:com.sqa.tests.SearchTest@6860991f]" name="checkSearchingWorks" duration-ms="1" started-at="2013-07-29T19:44:54Z" finished-at="2013-07-29T19:44:54Z">
        </test-method>
        <test-method status="SKIP" signature="tearDown()[pri:0, instance:com.sqa.tests.SearchTest@6860991f]" name="tearDown" is-config="true" duration-ms="0" started-at="2013-07-29T19:44:54Z" finished-at="2013-07-29T19:44:54Z">
        </test-method>
      </class>
      <class name="com.sqa.tests.FixedMenuTest">
        <test-method status="PASS" signature="init()[pri:0, instance:com.sqa.tests.FixedMenuTest@5bbf3d87]" name="init" is-config="true" duration-ms="38101" started-at="2013-07-29T19:06:46Z" finished-at="2013-07-29T19:07:24Z">
        </test-method>
        <test-method status="PASS" signature="navigateToBaseUrl()[pri:0, instance:com.sqa.tests.FixedMenuTest@5bbf3d87]" name="navigateToBaseUrl" is-config="true" duration-ms="33224" started-at="2013-07-29T19:07:24Z" finished-at="2013-07-29T19:07:57Z">
        </test-method>
        <test-method status="PASS" signature="checkLogo()[pri:0, instance:com.sqa.tests.FixedMenuTest@5bbf3d87]" name="checkLogo" duration-ms="289" started-at="2013-07-29T19:07:57Z" finished-at="2013-07-29T19:07:58Z">
        </test-method>
        <test-method status="PASS" signature="navigateToBaseUrl()[pri:0, instance:com.sqa.tests.FixedMenuTest@5bbf3d87]" name="navigateToBaseUrl" is-config="true" duration-ms="611" started-at="2013-07-29T19:07:58Z" finished-at="2013-07-29T19:07:58Z">
        </test-method>
        <test-method status="PASS" signature="checkSeachButton()[pri:0, instance:com.sqa.tests.FixedMenuTest@5bbf3d87]" name="checkSeachButton" duration-ms="541" started-at="2013-07-29T19:07:58Z" finished-at="2013-07-29T19:07:59Z">
        </test-method>
        <test-method status="PASS" signature="navigateToBaseUrl()[pri:0, instance:com.sqa.tests.FixedMenuTest@5bbf3d87]" name="navigateToBaseUrl" is-config="true" duration-ms="579" started-at="2013-07-29T19:07:59Z" finished-at="2013-07-29T19:07:59Z">
        </test-method>
        <test-method status="PASS" signature="checkUrl()[pri:0, instance:com.sqa.tests.FixedMenuTest@5bbf3d87]" name="checkUrl" duration-ms="47" started-at="2013-07-29T19:07:59Z" finished-at="2013-07-29T19:08:00Z">
        </test-method>
        <test-method status="PASS" signature="tearDown()[pri:0, instance:com.sqa.tests.FixedMenuTest@5bbf3d87]" name="tearDown" is-config="true" duration-ms="119" started-at="2013-07-29T19:08:00Z" finished-at="2013-07-29T19:08:00Z">
        </test-method>
      </class>
    </test>
  </suite>
</testng-results>
